#
# There is insufficient memory for the Java Runtime Environment to continue.
# Native memory allocation (malloc) failed to allocate 1048576 bytes for AllocateHeap
# Possible reasons:
#   The system is out of physical RAM or swap space
#   The process is running with CompressedOops enabled, and the Java Heap may be blocking the growth of the native heap
# Possible solutions:
#   Reduce memory load on the system
#   Increase physical memory or swap space
#   Check if swap backing store is full
#   Decrease Java heap size (-Xmx/-Xms)
#   Decrease number of Java threads
#   Decrease Java thread stack sizes (-Xss)
#   Set larger code cache with -XX:ReservedCodeCacheSize=
#   JVM is running with Unscaled Compressed Oops mode in which the Java heap is
#     placed in the first 4GB address space. The Java Heap base address is the
#     maximum limit for the native heap growth. Please use -XX:HeapBaseMinAddress
#     to set the Java Heap base and to place the Java Heap above 4GB virtual address.
# This output file may be truncated or incomplete.
#
#  Out of Memory Error (memory/allocation.inline.hpp:61), pid=4628, tid=0x00000000000004d8
#
# JRE version:  (8.0_201-b09) (build )
# Java VM: Java HotSpot(TM) 64-Bit Server VM (25.201-b09 mixed mode windows-amd64 compressed oops)
# Failed to write core dump. Minidumps are not enabled by default on client versions of Windows
#

---------------  T H R E A D  ---------------

Current thread (0x00000000029f2800):  JavaThread "Unknown thread" [_thread_in_vm, id=1240, stack(0x00000000028f0000,0x00000000029f0000)]

Stack: [0x00000000028f0000,0x00000000029f0000]
[error occurred during error reporting (printing stack bounds), id 0xc0000005]

Native frames: (J=compiled Java code, j=interpreted, Vv=VM code, C=native code)


---------------  P R O C E S S  ---------------

Java Threads: ( => current thread )

Other Threads:

=>0x00000000029f2800 (exited) JavaThread "Unknown thread" [_thread_in_vm, id=1240, stack(0x00000000028f0000,0x00000000029f0000)]

VM state:not at safepoint (normal execution)

VM Mutex/Monitor currently owned by a thread: None

heap address: 0x00000000c1a00000, size: 998 MB, Compressed Oops mode: 32-bit
Narrow klass base: 0x0000000000000000, Narrow klass shift: 3
Compressed class space size: 1073741824 Address: 0x0000000100000000

Heap:
 PSYoungGen      total 18944K, used 327K [0x00000000eb380000, 0x00000000ec880000, 0x0000000100000000)
  eden space 16384K, 2% used [0x00000000eb380000,0x00000000eb3d1ec8,0x00000000ec380000)
  from space 2560K, 0% used [0x00000000ec600000,0x00000000ec600000,0x00000000ec880000)
  to   space 2560K, 0% used [0x00000000ec380000,0x00000000ec380000,0x00000000ec600000)
 ParOldGen       total 44032K, used 0K [0x00000000c1a00000, 0x00000000c4500000, 0x00000000eb380000)
  object space 44032K, 0% used [0x00000000c1a00000,0x00000000c1a00000,0x00000000c4500000)
 Metaspace       used 775K, capacity 4480K, committed 4480K, reserved 1056768K
  class space    used 76K, capacity 384K, committed 384K, reserved 1048576K

Card table byte_map: [0x0000000011eb0000,0x00000000120b0000] byte_map_base: 0x00000000118a3000

Marking Bits: (ParMarkBitMap*) 0x00000000571f4ce0
 Begin Bits: [0x0000000012600000, 0x0000000013598000)
 End Bits:   [0x0000000013598000, 0x0000000014530000)

Polling page: 0x0000000000c50000

CodeCache: size=245760Kb used=328Kb max_used=328Kb free=245431Kb
 bounds [0x0000000002af0000, 0x0000000002d60000, 0x0000000011af0000]
 total_blobs=58 nmethods=0 adapters=38
 compilation: enabled

Compilation events (0 events):
No events

GC Heap History (0 events):
No events

Deoptimization events (0 events):
No events

Classes redefined (0 events):
No events

Internal exceptions (0 events):
No events

Events (10 events):
Event: 0.105 loading class java/lang/Short
Event: 0.105 loading class java/lang/Short done
Event: 0.105 loading class java/lang/Integer
Event: 0.105 loading class java/lang/Integer done
Event: 0.105 loading class java/lang/Long
Event: 0.105 loading class java/lang/Long done
Event: 0.129 loading class java/lang/NullPointerException
Event: 0.129 loading class java/lang/NullPointerException done
Event: 0.129 loading class java/lang/ArithmeticException
Event: 0.129 loading class java/lang/ArithmeticException done


Dynamic libraries:
0x00007ff6a5310000 - 0x00007ff6a5347000 	C:\Program Files\Java\jdk1.8.0_201\bin\javaw.exe
0x00007ffd49280000 - 0x00007ffd49461000 	C:\WINDOWS\SYSTEM32\ntdll.dll
0x00007ffd48360000 - 0x00007ffd48411000 	C:\WINDOWS\System32\KERNEL32.DLL
0x00007ffd45750000 - 0x00007ffd459c3000 	C:\WINDOWS\System32\KERNELBASE.dll
0x00007ffd46710000 - 0x00007ffd467b1000 	C:\WINDOWS\System32\ADVAPI32.dll
0x00007ffd48bf0000 - 0x00007ffd48c8e000 	C:\WINDOWS\System32\msvcrt.dll
0x00007ffd48cf0000 - 0x00007ffd48d4b000 	C:\WINDOWS\System32\sechost.dll
0x00007ffd48870000 - 0x00007ffd48994000 	C:\WINDOWS\System32\RPCRT4.dll
0x00007ffd48d50000 - 0x00007ffd48ee0000 	C:\WINDOWS\System32\USER32.dll
0x00007ffd45650000 - 0x00007ffd45670000 	C:\WINDOWS\System32\win32u.dll
0x00007ffd482b0000 - 0x00007ffd482d8000 	C:\WINDOWS\System32\GDI32.dll
0x00007ffd459d0000 - 0x00007ffd45b61000 	C:\WINDOWS\System32\gdi32full.dll
0x00007ffd46380000 - 0x00007ffd4641f000 	C:\WINDOWS\System32\msvcp_win.dll
0x00007ffd46420000 - 0x00007ffd46518000 	C:\WINDOWS\System32\ucrtbase.dll
0x00007ffd32ec0000 - 0x00007ffd33129000 	C:\WINDOWS\WinSxS\amd64_microsoft.windows.common-controls_6595b64144ccf1df_6.0.17134.829_none_fb46a5473061b9d5\COMCTL32.dll
0x00007ffd47de0000 - 0x00007ffd48102000 	C:\WINDOWS\System32\combase.dll
0x00007ffd45670000 - 0x00007ffd456ea000 	C:\WINDOWS\System32\bcryptPrimitives.dll
0x00007ffd48f00000 - 0x00007ffd48f2d000 	C:\WINDOWS\System32\IMM32.DLL
0x0000000057280000 - 0x0000000057351000 	C:\Program Files\Java\jdk1.8.0_201\jre\bin\msvcr100.dll
0x00000000569d0000 - 0x0000000057274000 	C:\Program Files\Java\jdk1.8.0_201\jre\bin\server\jvm.dll
0x00007ffd48ee0000 - 0x00007ffd48ee8000 	C:\WINDOWS\System32\PSAPI.DLL
0x00007ffd3be40000 - 0x00007ffd3be49000 	C:\WINDOWS\SYSTEM32\WSOCK32.dll
0x00007ffd482f0000 - 0x00007ffd4835c000 	C:\WINDOWS\System32\WS2_32.dll
0x00007ffd3be00000 - 0x00007ffd3be23000 	C:\WINDOWS\SYSTEM32\WINMM.dll
0x00007ffd3e4f0000 - 0x00007ffd3e4fa000 	C:\WINDOWS\SYSTEM32\VERSION.dll
0x00007ffd3bdb0000 - 0x00007ffd3bdda000 	C:\WINDOWS\SYSTEM32\WINMMBASE.dll
0x00007ffd46330000 - 0x00007ffd46379000 	C:\WINDOWS\System32\cfgmgr32.dll
0x00007ffd41c10000 - 0x00007ffd41c1f000 	C:\Program Files\Java\jdk1.8.0_201\jre\bin\verify.dll
0x00007ffd3ef70000 - 0x00007ffd3ef99000 	C:\Program Files\Java\jdk1.8.0_201\jre\bin\java.dll
0x00007ffd41920000 - 0x00007ffd41936000 	C:\Program Files\Java\jdk1.8.0_201\jre\bin\zip.dll

VM Arguments:
jvm_args: -Dfile.encoding=Cp1252 
java_command: multiplE.Raghu2
java_class_path (initial): D:\GridConsept\bin;D:\Selenium Subject\selenium-server-standalone-3.141.59.jar;C:\Users\SunkaraRam\.p2\pool\plugins\org.testng_6.14.2.r201802161450.jar;C:\Users\SunkaraRam\.p2\pool\plugins\com.beust.jcommander_1.72.0.jar;C:\Users\SunkaraRam\.p2\pool\plugins\org.apache-extras.beanshell.bsh_2.0.0.b6.jar;C:\Users\SunkaraRam\.p2\pool\plugins\org.yaml.snakeyaml_1.17.0.jar
Launcher Type: SUN_STANDARD

Environment Variables:
JAVA_HOME=C:\Program Files\Java\jdk1.8.0_201
PATH=C:/Program Files/Java/jre1.8.0_201/bin/server;C:/Program Files/Java/jre1.8.0_201/bin;C:/Program Files/Java/jre1.8.0_201/lib/amd64;"C:\Program Files (x86)\Common Files\Oracle\Java\javapath;D:\Maven\apache-maven-3.6.0\bin;";C:\oraclexe\app\oracle\product\10.2.0\server\bin;C:\Users\SunkaraRam\AppData\Local\Programs\Python\Python36\Scripts\;C:\Users\SunkaraRam\AppData\Local\Programs\Python\Python36\;"C:\oraclexe\app\oracle\product\10.2.0\server\bin\;C:\Users\SunkaraRam\AppData\Local\Programs\Python\Python36";C:\WINDOWS\system32;C:\WINDOWS;C:\WINDOWS\System32\Wbem;C:\WINDOWS\System32\WindowsPowerShell\v1.0\;C:\Program Files\Java\jdk/bin;c:\Program Files (x86)\Microsoft SQL Server\100\Tools\Binn\;c:\Program Files\Microsoft SQL Server\100\Tools\Binn\;c:\Program Files\Microsoft SQL Server\100\DTS\Binn\;C:\WINDOWS\System32\OpenSSH\;C:\Users\SunkaraRam\AppData\Local\Programs\Python\Python36\Scripts\;C:\Users\SunkaraRam\AppData\Local\Programs\Python\Python36\;"C:\Users\SunkaraRam\AppData\Local\Programs\Python\Python36;C:\Users\SunkaraRam\AppData\Local\Programs\Python\Python36\Scripts";C:\Users\SunkaraRam\AppData\Local\Microsoft\WindowsApps;;C:\Users\SunkaraRam\Desktop;
USERNAME=SunkaraRam
OS=Windows_NT
PROCESSOR_IDENTIFIER=Intel64 Family 6 Model 78 Stepping 3, GenuineIntel



---------------  S Y S T E M  ---------------

OS: Windows 10.0 , 64 bit Build 17134 (10.0.17134.753)

CPU:total 4 (initial active 4) (2 cores per cpu, 2 threads per core) family 6 model 78 stepping 3, cmov, cx8, fxsr, mmx, sse, sse2, sse3, ssse3, sse4.1, sse4.2, popcnt, avx, avx2, aes, clmul, erms, 3dnowpref, lzcnt, ht, tsc, tscinvbit, bmi1, bmi2, adx

Memory: 4k page, physical 4082692k(560764k free), swap 9063428k(5896k free)

vm_info: Java HotSpot(TM) 64-Bit Server VM (25.201-b09) for windows-amd64 JRE (1.8.0_201-b09), built on Dec 15 2018 18:36:39 by "java_re" with MS VC++ 10.0 (VS2010)

time: Sat Jun 15 12:51:38 2019
timezone: India Standard Time
elapsed time: 0 seconds (0d 0h 0m 0s)

